# JRE version: Java(TM) SE Runtime Environment (7.0_51-b13) (build 1.7.0_51-b13)
# Java VM: Java HotSpot(TM) 64-Bit Server VM (24.51-b03 mixed mode windows-amd64 compressed oops)
Heap
 PSYoungGen      total 176640K, used 144509K [0x00000000eaa80000, 0x00000000f9a00000, 0x0000000100000000)
  eden space 149504K, 78% used [0x00000000eaa80000,0x00000000f1d2a2f0,0x00000000f3c80000)
  from space 27136K, 99% used [0x00000000f7f80000,0x00000000f99f5288,0x00000000f9a00000)
  to   space 31744K, 0% used [0x00000000f5c00000,0x00000000f5c00000,0x00000000f7b00000)
 ParOldGen       total 84992K, used 53832K [0x00000000c0000000, 0x00000000c5300000, 0x00000000eaa80000)
  object space 84992K, 63% used [0x00000000c0000000,0x00000000c34920c8,0x00000000c5300000)
 PSPermGen       total 21504K, used 5794K [0x00000000bae00000, 0x00000000bc300000, 0x00000000c0000000)
  object space 21504K, 26% used [0x00000000bae00000,0x00000000bb3a8850,0x00000000bc300000)
GC Heap History (10 events):
Event: 4.297 GC heap before
{Heap before GC invocations=7 (full 0):
 PSYoungGen      total 69632K, used 68225K [0x00000000eaa80000, 0x00000000ef680000, 0x0000000100000000)
  eden space 61440K, 100% used [0x00000000eaa80000,0x00000000ee680000,0x00000000ee680000)
  from space 8192K, 82% used [0x00000000eee80000,0x00000000ef520760,0x00000000ef680000)
  to   space 8192K, 0% used [0x00000000ee680000,0x00000000ee680000,0x00000000eee80000)
 ParOldGen       total 39936K, used 15663K [0x00000000c0000000, 0x00000000c2700000, 0x00000000eaa80000)
  object space 39936K, 39% used [0x00000000c0000000,0x00000000c0f4bc20,0x00000000c2700000)
 PSPermGen       total 21504K, used 5713K [0x00000000bae00000, 0x00000000bc300000, 0x00000000c0000000)
  object space 21504K, 26% used [0x00000000bae00000,0x00000000bb3944f0,0x00000000bc300000)
Event: 4.841 GC heap after
Heap after GC invocations=7 (full 0):
 PSYoungGen      total 69632K, used 8177K [0x00000000eaa80000, 0x00000000f3d80000, 0x0000000100000000)
  eden space 61440K, 0% used [0x00000000eaa80000,0x00000000eaa80000,0x00000000ee680000)
  from space 8192K, 99% used [0x00000000ee680000,0x00000000eee7c730,0x00000000eee80000)
  to   space 13824K, 0% used [0x00000000f3000000,0x00000000f3000000,0x00000000f3d80000)
 ParOldGen       total 39936K, used 24599K [0x00000000c0000000, 0x00000000c2700000, 0x00000000eaa80000)
  object space 39936K, 61% used [0x00000000c0000000,0x00000000c1805e60,0x00000000c2700000)
 PSPermGen       total 21504K, used 5713K [0x00000000bae00000, 0x00000000bc300000, 0x00000000c0000000)
  object space 21504K, 26% used [0x00000000bae00000,0x00000000bb3944f0,0x00000000bc300000)
}
Event: 5.317 GC heap before
{Heap before GC invocations=8 (full 0):
 PSYoungGen      total 69632K, used 69617K [0x00000000eaa80000, 0x00000000f3d80000, 0x0000000100000000)
  eden space 61440K, 100% used [0x00000000eaa80000,0x00000000ee680000,0x00000000ee680000)
  from space 8192K, 99% used [0x00000000ee680000,0x00000000eee7c730,0x00000000eee80000)
  to   space 13824K, 0% used [0x00000000f3000000,0x00000000f3000000,0x00000000f3d80000)
 ParOldGen       total 39936K, used 24599K [0x00000000c0000000, 0x00000000c2700000, 0x00000000eaa80000)
  object space 39936K, 61% used [0x00000000c0000000,0x00000000c1805e60,0x00000000c2700000)
 PSPermGen       total 21504K, used 5763K [0x00000000bae00000, 0x00000000bc300000, 0x00000000c0000000)
  object space 21504K, 26% used [0x00000000bae00000,0x00000000bb3a0e98,0x00000000bc300000)
Event: 5.353 GC heap after
Heap after GC invocations=8 (full 0):
 PSYoungGen      total 132608K, used 13809K [0x00000000eaa80000, 0x00000000f4580000, 0x0000000100000000)
  eden space 118784K, 0% used [0x00000000eaa80000,0x00000000eaa80000,0x00000000f1e80000)
  from space 13824K, 99% used [0x00000000f3000000,0x00000000f3d7c730,0x00000000f3d80000)
  to   space 17920K, 0% used [0x00000000f1e80000,0x00000000f1e80000,0x00000000f3000000)
 ParOldGen       total 39936K, used 29420K [0x00000000c0000000, 0x00000000c2700000, 0x00000000eaa80000)
  object space 39936K, 73% used [0x00000000c0000000,0x00000000c1cbb3b0,0x00000000c2700000)
 PSPermGen       total 21504K, used 5763K [0x00000000bae00000, 0x00000000bc300000, 0x00000000c0000000)
  object space 21504K, 26% used [0x00000000bae00000,0x00000000bb3a0e98,0x00000000bc300000)
}
Event: 6.569 GC heap before
{Heap before GC invocations=9 (full 0):
 PSYoungGen      total 132608K, used 132593K [0x00000000eaa80000, 0x00000000f4580000, 0x0000000100000000)
  eden space 118784K, 100% used [0x00000000eaa80000,0x00000000f1e80000,0x00000000f1e80000)
  from space 13824K, 99% used [0x00000000f3000000,0x00000000f3d7c730,0x00000000f3d80000)
  to   space 17920K, 0% used [0x00000000f1e80000,0x00000000f1e80000,0x00000000f3000000)
 ParOldGen       total 39936K, used 29420K [0x00000000c0000000, 0x00000000c2700000, 0x00000000eaa80000)
  object space 39936K, 73% used [0x00000000c0000000,0x00000000c1cbb3b0,0x00000000c2700000)
 PSPermGen       total 21504K, used 5777K [0x00000000bae00000, 0x00000000bc300000, 0x00000000c0000000)
  object space 21504K, 26% used [0x00000000bae00000,0x00000000bb3a47b0,0x00000000bc300000)
Event: 6.662 GC heap after
Heap after GC invocations=9 (full 0):
 PSYoungGen      total 136704K, used 17902K [0x00000000eaa80000, 0x00000000f9a80000, 0x0000000100000000)
  eden space 118784K, 0% used [0x00000000eaa80000,0x00000000eaa80000,0x00000000f1e80000)
  from space 17920K, 99% used [0x00000000f1e80000,0x00000000f2ffbb50,0x00000000f3000000)
  to   space 27648K, 0% used [0x00000000f7f80000,0x00000000f7f80000,0x00000000f9a80000)
 ParOldGen       total 46592K, used 46586K [0x00000000c0000000, 0x00000000c2d80000, 0x00000000eaa80000)
  object space 46592K, 99% used [0x00000000c0000000,0x00000000c2d7e9c8,0x00000000c2d80000)
 PSPermGen       total 21504K, used 5777K [0x00000000bae00000, 0x00000000bc300000, 0x00000000c0000000)
  object space 21504K, 26% used [0x00000000bae00000,0x00000000bb3a47b0,0x00000000bc300000)
}
Event: 6.663 GC heap before
{Heap before GC invocations=10 (full 1):
 PSYoungGen      total 136704K, used 17902K [0x00000000eaa80000, 0x00000000f9a80000, 0x0000000100000000)
  eden space 118784K, 0% used [0x00000000eaa80000,0x00000000eaa80000,0x00000000f1e80000)
  from space 17920K, 99% used [0x00000000f1e80000,0x00000000f2ffbb50,0x00000000f3000000)
  to   space 27648K, 0% used [0x00000000f7f80000,0x00000000f7f80000,0x00000000f9a80000)
 ParOldGen       total 46592K, used 46586K [0x00000000c0000000, 0x00000000c2d80000, 0x00000000eaa80000)
  object space 46592K, 99% used [0x00000000c0000000,0x00000000c2d7e9c8,0x00000000c2d80000)
 PSPermGen       total 21504K, used 5777K [0x00000000bae00000, 0x00000000bc300000, 0x00000000c0000000)
  object space 21504K, 26% used [0x00000000bae00000,0x00000000bb3a47b0,0x00000000bc300000)
Event: 8.084 GC heap after
Heap after GC invocations=10 (full 1):
 PSYoungGen      total 136704K, used 14278K [0x00000000eaa80000, 0x00000000f9a80000, 0x0000000100000000)
  eden space 118784K, 0% used [0x00000000eaa80000,0x00000000eaa80000,0x00000000f1e80000)
  from space 17920K, 79% used [0x00000000f1e80000,0x00000000f2c71918,0x00000000f3000000)
  to   space 27648K, 0% used [0x00000000f7f80000,0x00000000f7f80000,0x00000000f9a80000)
 ParOldGen       total 84992K, used 46234K [0x00000000c0000000, 0x00000000c5300000, 0x00000000eaa80000)
  object space 84992K, 54% used [0x00000000c0000000,0x00000000c2d26918,0x00000000c5300000)
 PSPermGen       total 21504K, used 5772K [0x00000000bae00000, 0x00000000bc300000, 0x00000000c0000000)
  object space 21504K, 26% used [0x00000000bae00000,0x00000000bb3a3218,0x00000000bc300000)
}
Event: 8.638 GC heap before
{Heap before GC invocations=11 (full 1):
 PSYoungGen      total 136704K, used 133062K [0x00000000eaa80000, 0x00000000f9a80000, 0x0000000100000000)
  eden space 118784K, 100% used [0x00000000eaa80000,0x00000000f1e80000,0x00000000f1e80000)
  from space 17920K, 79% used [0x00000000f1e80000,0x00000000f2c71918,0x00000000f3000000)
  to   space 27648K, 0% used [0x00000000f7f80000,0x00000000f7f80000,0x00000000f9a80000)
 ParOldGen       total 84992K, used 46234K [0x00000000c0000000, 0x00000000c5300000, 0x00000000eaa80000)
  object space 84992K, 54% used [0x00000000c0000000,0x00000000c2d26918,0x00000000c5300000)
 PSPermGen       total 21504K, used 5787K [0x00000000bae00000, 0x00000000bc300000, 0x00000000c0000000)
  object space 21504K, 26% used [0x00000000bae00000,0x00000000bb3a6dd8,0x00000000bc300000)
Event: 9.212 GC heap after
Heap after GC invocations=11 (full 1):
 PSYoungGen      total 176640K, used 27092K [0x00000000eaa80000, 0x00000000f9a00000, 0x0000000100000000)
  eden space 149504K, 0% used [0x00000000eaa80000,0x00000000eaa80000,0x00000000f3c80000)
  from space 27136K, 99% used [0x00000000f7f80000,0x00000000f99f5288,0x00000000f9a00000)
  to   space 31744K, 0% used [0x00000000f5c00000,0x00000000f5c00000,0x00000000f7b00000)
 ParOldGen       total 84992K, used 53832K [0x00000000c0000000, 0x00000000c5300000, 0x00000000eaa80000)
  object space 84992K, 63% used [0x00000000c0000000,0x00000000c34920c8,0x00000000c5300000)
 PSPermGen       total 21504K, used 5787K [0x00000000bae00000, 0x00000000bc300000, 0x00000000c0000000)
  object space 21504K, 26% used [0x00000000bae00000,0x00000000bb3a6dd8,0x00000000bc300000)
}

